app/seeds.txt
com.futuremind.recyclerviewfastscroll.R$style: int TextAppearance_AppCompat_SearchResult_Title
androidx.core.app.NotificationCompat$MessagingStyle: androidx.core.app.NotificationCompat$MessagingStyle setConversationTitle(java.lang.CharSequence)
androidx.appcompat.widget.DecorToolbar: boolean showOverflowMenu()
com.google.android.gms.common.api.internal.zabn: void zaa(com.google.android.gms.common.api.internal.zack)
androidx.viewpager.R$styleable: int FontFamily_fontProviderQuery
androidx.appcompat.R$anim: int btn_radio_to_off_mtrl_dot_group_animation
androidx.loader.R$drawable: int notification_icon_background
androidx.appcompat.R$drawable: int abc_list_selector_background_transition_holo_dark
com.google.android.material.bottomnavigation.BottomNavigationView: int getItemTextAppearanceActive()
com.google.android.gms.internal.measurement.zzmu: boolean zzb()
androidx.appcompat.view.menu.MenuBuilder: boolean expandItemActionView(androidx.appcompat.view.menu.MenuItemImpl)
com.google.android.material.R$style: int Base_Theme_MaterialComponents_Dialog
com.google.android.material.R$style: int Theme_Design_BottomSheetDialog
com.google.android.gms.common.data.DataBufferRef: void zag(int)
com.futuremind.recyclerviewfastscroll.R$attr: int layoutManager
androidx.drawerlayout.R$styleable: int GradientColor_android_centerY
com.google.android.gms.common.api.internal.zaat: void onConnected(android.os.Bundle)
androidx.transition.Visibility: void setMode(int)
com.airbnb.lottie.model.layer.Layer$MatteType: com.airbnb.lottie.model.layer.Layer$MatteType NONE
com.airbnb.lottie.R$style: int TextAppearance_AppCompat_Widget_ActionBar_Subtitle_Inverse
com.airbnb.lottie.R$styleable: int[] AppCompatTextView
androidx.appcompat.app.AppCompatDelegate: boolean isCompatVectorFromResourcesEnabled()
androidx.appcompat.resources.R$layout: int notification_template_part_time
androidx.core.R$styleable: int GradientColor_android_endY
androidx.lifecycle.Lifecycle$Event: androidx.lifecycle.Lifecycle$Event ON_START
com.google.android.material.R$id: int expanded_menu
androidx.appcompat.R$styleable: int ActionBar_progressBarStyle
androidx.appcompat.app.AlertDialog$Builder: androidx.appcompat.app.AlertDialog$Builder setOnCancelListener(android.content.DialogInterface$OnCancelListener)
com.google.android.gms.internal.firebase_auth.zzej
com.google.android.material.shadow.ShadowDrawableWrapper: void setCornerRadius(float)
androidx.appcompat.R$styleable: int[] ListPopupWindow
com.hbb20.CountryCodePicker: void setDialogTypeFace(android.graphics.Typeface,int)
androidx.collection.ArraySet: void clear()
com.google.android.gms.common.data.DataBufferUtils
com.shoutlab.covid.R$string: int data_source_description_bn
androidx.constraintlayout.widget.Barrier
com.google.android.gms.measurement.internal.zzap: com.google.android.gms.measurement.internal.zzez zzbg
com.futuremind.recyclerviewfastscroll.R$color: int material_grey_900
com.hbb20.R$attr: int homeAsUpIndicator
androidx.coordinatorlayout.R$styleable: int FontFamilyFont_android_fontVariationSettings
com.shoutlab.covid.R$styleable: int[] ConstraintSet
com.airbnb.lottie.R$styleable: int MenuGroup_android_enabled
androidx.fragment.R$string: int status_bar_notification_info_overflow
com.shoutlab.covid.R$attr: int startIconTintMode
com.google.android.gms.internal.firebase_auth.zzcf: java.lang.String zzc()
com.google.android.gms.measurement.AppMeasurement: java.lang.String CRASH_ORIGIN
com.google.android.material.R$styleable: int Chip_chipMinHeight
com.airbnb.lottie.R$styleable: int LinearLayoutCompat_divider
com.airbnb.lottie.animation.keyframe.SplitDimensionPathKeyframeAnimation
androidx.appcompat.R$attr: int backgroundTintMode
com.shoutlab.covid.R$style: int Widget_MaterialComponents_BottomSheet_Modal
androidx.versionedparcelable.VersionedParcel: void writeDouble(double,int)
androidx.core.app.NotificationCompat$Builder: androidx.core.app.NotificationCompat$Builder setFullScreenIntent(android.app.PendingIntent,boolean)