app/unused.txt
androidx.core.app.NotificationCompat$Builder:
    private static final int MAX_CHARSEQUENCE_LENGTH
androidx.core.graphics.TypefaceCompatApi21Impl:
    private static final java.lang.String TAG
    private static final java.lang.String FONT_FAMILY_CLASS
    private static final java.lang.String ADD_FONT_WEIGHT_STYLE_METHOD
    private static final java.lang.String CREATE_FROM_FAMILIES_WITH_DEFAULT_METHOD
androidx.appcompat.widget.AppCompatDrawableManager:
    synchronized android.graphics.drawable.Drawable onDrawableLoadedFromResources(android.content.Context,androidx.appcompat.widget.VectorEnabledTintResources,int)
    boolean tintDrawableUsingColorFilter(android.content.Context,int,android.graphics.drawable.Drawable)
    private static final java.lang.String TAG
    private static final boolean DEBUG
androidx.recyclerview.widget.DividerItemDecoration:
    private static final java.lang.String TAG
androidx.core.view.ViewCompat:
    private static final java.lang.String TAG
androidx.fragment.app.FragmentManagerImpl$FragmentTag:
    private void <init>()
    public static final int Fragment_id
    public static final int Fragment_name
    public static final int Fragment_tag
androidx.appcompat.widget.Toolbar$LayoutParams:
    static final int CUSTOM
    static final int SYSTEM
    static final int EXPANDED
androidx.transition.Fade:
    private static final java.lang.String PROPNAME_TRANSITION_ALPHA
    private static final java.lang.String LOG_TAG
android.support.v4.os.IResultReceiver$Stub:
    private static final java.lang.String DESCRIPTOR
    static final int TRANSACTION_send
com.airbnb.lottie.parser.ShapeTrimPathParser:
    private void <init>()
androidx.appcompat.app.WindowDecorActionBar:
    private static final java.lang.String TAG
    private static final int INVALID_POSITION
    private static final long FADE_OUT_DURATION_MS
    private static final long FADE_IN_DURATION_MS
com.google.android.material.ripple.RippleUtils:
    static final java.lang.String TRANSPARENT_DEFAULT_COLOR_WARNING
okhttp3.internal.http2.Hpack$Writer:
    private static final int SETTINGS_HEADER_TABLE_SIZE
    private static final int SETTINGS_HEADER_TABLE_SIZE_LIMIT
com.google.android.datatransport.runtime.backends.MetadataBackendRegistry:
    private static final java.lang.String TAG
    private static final java.lang.String BACKEND_KEY_PREFIX
com.google.android.material.datepicker.MaterialStyledDatePickerDialog:
    private static final int DEF_STYLE_ATTR
androidx.core.app.JobIntentService$JobServiceEngineImpl:
    static final java.lang.String TAG
    static final boolean DEBUG
androidx.core.app.NavUtils:
    private static final java.lang.String TAG
androidx.core.graphics.ColorUtils:
    private static final double XYZ_WHITE_REFERENCE_X
    private static final double XYZ_WHITE_REFERENCE_Y
    private static final double XYZ_WHITE_REFERENCE_Z
    private static final double XYZ_EPSILON
    private static final double XYZ_KAPPA
    private static final int MIN_ALPHA_SEARCH_MAX_ITERATIONS
    private static final int MIN_ALPHA_SEARCH_PRECISION
androidx.coordinatorlayout.widget.DirectedAcyclicGraph:
    int size()
androidx.core.content.res.ResourcesCompat:
    private static final java.lang.String TAG
androidx.core.graphics.drawable.RoundedBitmapDrawable:
    private static final int DEFAULT_PAINT_FLAGS
com.airbnb.lottie.animation.content.PolystarContent:
    private static final float POLYSTAR_MAGIC_NUMBER
    private static final float POLYGON_MAGIC_NUMBER
com.airbnb.lottie.parser.GradientFillParser:
    private void <init>()
okio.package-info
androidx.recyclerview.widget.PagerSnapHelper:
    private static final int MAX_SCROLL_ON_FLING_DURATION
okhttp3.internal.http2.Http2Reader$Handler:
    public abstract void alternateService(int,java.lang.String,okio.ByteString,java.lang.String,int,long)